Build started 4/12/2016 10:53:17 AM.
     1>Project "Z:\CS172\HW5\ex05\ex05\ex05.vcxproj" on node 2 (Build target(s)).
     1>ClCompile:
         C:\Program Files (x86)\Microsoft Visual Studio 14.0\VC\bin\CL.exe /c /ZI /nologo /W3 /WX- /Od /Oy- /D WIN32 /D _DEBUG /D _CONSOLE /D _UNICODE /D UNICODE /Gm /EHsc /RTC1 /MDd /GS /fp:precise /Zc:wchar_t /Zc:forScope /Zc:inline /Fo"Debug\\" /Fd"Debug\vc140.pdb" /Gd /TP /analyze- /errorReport:prompt CourseClass.cpp Main.cpp
         Main.cpp
     1>z:\cs172\hw5\ex05\ex05\courseclass.h(8): error C3646: 'courseName': unknown override specifier
     1>z:\cs172\hw5\ex05\ex05\courseclass.h(8): error C4430: missing type specifier - int assumed. Note: C++ does not support default-int
     1>z:\cs172\hw5\ex05\ex05\courseclass.h(9): error C2143: syntax error: missing ';' before '*'
     1>z:\cs172\hw5\ex05\ex05\courseclass.h(9): error C4430: missing type specifier - int assumed. Note: C++ does not support default-int
     1>z:\cs172\hw5\ex05\ex05\courseclass.h(9): error C2238: unexpected token(s) preceding ';'
     1>z:\cs172\hw5\ex05\ex05\courseclass.h(14): error C4430: missing type specifier - int assumed. Note: C++ does not support default-int
     1>z:\cs172\hw5\ex05\ex05\courseclass.h(14): error C2143: syntax error: missing ',' before '&'
     1>z:\cs172\hw5\ex05\ex05\courseclass.h(16): error C3646: 'getCourseName': unknown override specifier
     1>z:\cs172\hw5\ex05\ex05\courseclass.h(16): error C2059: syntax error: '('
     1>z:\cs172\hw5\ex05\ex05\courseclass.h(16): error C2238: unexpected token(s) preceding ';'
     1>z:\cs172\hw5\ex05\ex05\courseclass.h(17): error C4430: missing type specifier - int assumed. Note: C++ does not support default-int
     1>z:\cs172\hw5\ex05\ex05\courseclass.h(17): error C2143: syntax error: missing ',' before '&'
     1>z:\cs172\hw5\ex05\ex05\courseclass.h(18): error C4430: missing type specifier - int assumed. Note: C++ does not support default-int
     1>z:\cs172\hw5\ex05\ex05\courseclass.h(18): error C2143: syntax error: missing ',' before '&'
     1>z:\cs172\hw5\ex05\ex05\courseclass.h(19): error C2143: syntax error: missing ';' before '*'
     1>z:\cs172\hw5\ex05\ex05\courseclass.h(19): error C4430: missing type specifier - int assumed. Note: C++ does not support default-int
     1>z:\cs172\hw5\ex05\ex05\courseclass.h(19): error C2238: unexpected token(s) preceding ';'
     1>z:\cs172\hw5\ex05\ex05\main.cpp(12): error C2661: 'Course::Course': no overloaded function takes 2 arguments
         CourseClass.cpp
     1>z:\cs172\hw5\ex05\ex05\courseclass.h(8): error C3646: 'courseName': unknown override specifier
     1>z:\cs172\hw5\ex05\ex05\courseclass.h(8): error C4430: missing type specifier - int assumed. Note: C++ does not support default-int
     1>z:\cs172\hw5\ex05\ex05\courseclass.h(9): error C2143: syntax error: missing ';' before '*'
     1>z:\cs172\hw5\ex05\ex05\courseclass.h(9): error C4430: missing type specifier - int assumed. Note: C++ does not support default-int
     1>z:\cs172\hw5\ex05\ex05\courseclass.h(9): error C2238: unexpected token(s) preceding ';'
     1>z:\cs172\hw5\ex05\ex05\courseclass.h(14): error C4430: missing type specifier - int assumed. Note: C++ does not support default-int
     1>z:\cs172\hw5\ex05\ex05\courseclass.h(14): error C2143: syntax error: missing ',' before '&'
     1>z:\cs172\hw5\ex05\ex05\courseclass.h(16): error C3646: 'getCourseName': unknown override specifier
     1>z:\cs172\hw5\ex05\ex05\courseclass.h(16): error C2059: syntax error: '('
     1>z:\cs172\hw5\ex05\ex05\courseclass.h(16): error C2238: unexpected token(s) preceding ';'
     1>z:\cs172\hw5\ex05\ex05\courseclass.h(17): error C4430: missing type specifier - int assumed. Note: C++ does not support default-int
     1>z:\cs172\hw5\ex05\ex05\courseclass.h(17): error C2143: syntax error: missing ',' before '&'
     1>z:\cs172\hw5\ex05\ex05\courseclass.h(18): error C4430: missing type specifier - int assumed. Note: C++ does not support default-int
     1>z:\cs172\hw5\ex05\ex05\courseclass.h(18): error C2143: syntax error: missing ',' before '&'
     1>z:\cs172\hw5\ex05\ex05\courseclass.h(19): error C2143: syntax error: missing ';' before '*'
     1>z:\cs172\hw5\ex05\ex05\courseclass.h(19): error C4430: missing type specifier - int assumed. Note: C++ does not support default-int
     1>z:\cs172\hw5\ex05\ex05\courseclass.h(19): error C2238: unexpected token(s) preceding ';'
     1>z:\cs172\hw5\ex05\ex05\courseclass.cpp(7): error C2511: 'Course::Course(const std::string &,int)': overloaded member function not found in 'Course'
         z:\cs172\hw5\ex05\ex05\courseclass.h(6): note: see declaration of 'Course'
     1>z:\cs172\hw5\ex05\ex05\courseclass.cpp(9): error C2671: 'Course::{ctor}': static member functions do not have 'this' pointers
     1>z:\cs172\hw5\ex05\ex05\courseclass.cpp(9): error C2227: left of '->courseName' must point to class/struct/union/generic type
     1>z:\cs172\hw5\ex05\ex05\courseclass.cpp(10): error C2671: 'Course::{ctor}': static member functions do not have 'this' pointers
     1>z:\cs172\hw5\ex05\ex05\courseclass.cpp(10): error C2227: left of '->capacity' must point to class/struct/union/generic type
     1>z:\cs172\hw5\ex05\ex05\courseclass.cpp(11): error C2065: 'students': undeclared identifier
     1>z:\cs172\hw5\ex05\ex05\courseclass.cpp(15): error C2065: 'students': undeclared identifier
     1>z:\cs172\hw5\ex05\ex05\courseclass.cpp(15): error C2541: 'delete': cannot delete objects that are not pointers
     1>z:\cs172\hw5\ex05\ex05\courseclass.cpp(18): error C2039: 'getCourseName': is not a member of 'Course'
         z:\cs172\hw5\ex05\ex05\courseclass.h(6): note: see declaration of 'Course'
     1>z:\cs172\hw5\ex05\ex05\courseclass.cpp(18): error C2270: 'getCourseName': modifiers not allowed on nonmember functions
     1>z:\cs172\hw5\ex05\ex05\courseclass.cpp(19): error C2065: 'courseName': undeclared identifier
     1>z:\cs172\hw5\ex05\ex05\courseclass.cpp(23): error C2511: 'void Course::addStudent(const std::string &)': overloaded member function not found in 'Course'
         z:\cs172\hw5\ex05\ex05\courseclass.h(6): note: see declaration of 'Course'
     1>z:\cs172\hw5\ex05\ex05\courseclass.cpp(24): error C2065: 'students': undeclared identifier
     1>z:\cs172\hw5\ex05\ex05\courseclass.cpp(24): error C2597: illegal reference to non-static member 'Course::numOfStudents'
     1>z:\cs172\hw5\ex05\ex05\courseclass.cpp(24): error C3867: 'Course::numOfStudents': non-standard syntax; use '&' to create a pointer to member
     1>z:\cs172\hw5\ex05\ex05\courseclass.cpp(24): error C2568: '[': unable to resolve function overload
     1>z:\cs172\hw5\ex05\ex05\courseclass.cpp(25): error C2597: illegal reference to non-static member 'Course::numOfStudents'
     1>z:\cs172\hw5\ex05\ex05\courseclass.cpp(25): error C3867: 'Course::numOfStudents': non-standard syntax; use '&' to create a pointer to member
     1>z:\cs172\hw5\ex05\ex05\courseclass.cpp(25): error C2105: '++' needs l-value
     1>z:\cs172\hw5\ex05\ex05\courseclass.cpp(29): error C2511: 'void Course::dropStudent(const std::string &)': overloaded member function not found in 'Course'
         z:\cs172\hw5\ex05\ex05\courseclass.h(6): note: see declaration of 'Course'
     1>z:\cs172\hw5\ex05\ex05\courseclass.cpp(33): error C2039: 'getStudents': is not a member of 'Course'
         z:\cs172\hw5\ex05\ex05\courseclass.h(6): note: see declaration of 'Course'
     1>z:\cs172\hw5\ex05\ex05\courseclass.cpp(34): error C2270: 'getStudents': modifiers not allowed on nonmember functions
     1>z:\cs172\hw5\ex05\ex05\courseclass.cpp(35): error C2065: 'students': undeclared identifier
         Generating Code...
     1>Done Building Project "Z:\CS172\HW5\ex05\ex05\ex05.vcxproj" (Build target(s)) -- FAILED.

Build FAILED.

Time Elapsed 00:00:01.39
