Build started 3/3/2016 4:56:31 PM.
     1>Project "Z:\CS172\Exam1\Exam1\Exam1.vcxproj" on node 2 (Build target(s)).
     1>ClCompile:
         C:\Program Files (x86)\Microsoft Visual Studio 14.0\VC\bin\CL.exe /c /ZI /nologo /W3 /WX- /Od /Oy- /D WIN32 /D _DEBUG /D _CONSOLE /D _UNICODE /D UNICODE /Gm /EHsc /RTC1 /MDd /GS /fp:precise /Zc:wchar_t /Zc:forScope /Zc:inline /Fo"Debug\\" /Fd"Debug\vc140.pdb" /Gd /TP /analyze- /errorReport:prompt Event.cpp Main.cpp Venue.cpp
         Main.cpp
     1>z:\cs172\exam1\exam1\venue.h(14): error C3646: 'scheduledEvents': unknown override specifier
     1>z:\cs172\exam1\exam1\venue.h(14): error C2143: syntax error: missing ',' before '['
     1>z:\cs172\exam1\exam1\venue.h(14): error C2143: syntax error: missing ')' before ';'
     1>z:\cs172\exam1\exam1\venue.h(14): error C2238: unexpected token(s) preceding ';'
     1>z:\cs172\exam1\exam1\venue.h(19): error C3646: 'findEvent': unknown override specifier
     1>z:\cs172\exam1\exam1\venue.h(19): error C2059: syntax error: '('
     1>z:\cs172\exam1\exam1\venue.h(19): error C2238: unexpected token(s) preceding ';'
     1>z:\cs172\exam1\exam1\venue.h(20): error C3646: 'findEvent': unknown override specifier
     1>z:\cs172\exam1\exam1\venue.h(20): error C2059: syntax error: '('
     1>z:\cs172\exam1\exam1\venue.h(20): error C2238: unexpected token(s) preceding ';'
     1>z:\cs172\exam1\exam1\main.cpp(20): error C2039: 'findEvent': is not a member of 'Venue'
         z:\cs172\exam1\exam1\venue.h(11): note: see declaration of 'Venue'
     1>z:\cs172\exam1\exam1\main.cpp(20): error C2228: left of '.getTitle' must have class/struct/union
     1>z:\cs172\exam1\exam1\main.cpp(21): error C2039: 'findEvent': is not a member of 'Venue'
         z:\cs172\exam1\exam1\venue.h(11): note: see declaration of 'Venue'
     1>z:\cs172\exam1\exam1\main.cpp(21): error C2228: left of '.getTime' must have class/struct/union
     1>z:\cs172\exam1\exam1\main.cpp(22): error C2039: 'findEvent': is not a member of 'Venue'
         z:\cs172\exam1\exam1\venue.h(11): note: see declaration of 'Venue'
     1>z:\cs172\exam1\exam1\main.cpp(22): error C2228: left of '.getTime' must have class/struct/union
         Event.cpp
     1>z:\cs172\exam1\exam1\venue.h(14): error C3646: 'scheduledEvents': unknown override specifier
     1>z:\cs172\exam1\exam1\venue.h(14): error C2143: syntax error: missing ',' before '['
     1>z:\cs172\exam1\exam1\venue.h(14): error C2143: syntax error: missing ')' before ';'
     1>z:\cs172\exam1\exam1\venue.h(14): error C2238: unexpected token(s) preceding ';'
     1>z:\cs172\exam1\exam1\venue.h(19): error C3646: 'findEvent': unknown override specifier
     1>z:\cs172\exam1\exam1\venue.h(19): error C2059: syntax error: '('
     1>z:\cs172\exam1\exam1\venue.h(19): error C2238: unexpected token(s) preceding ';'
     1>z:\cs172\exam1\exam1\venue.h(20): error C3646: 'findEvent': unknown override specifier
     1>z:\cs172\exam1\exam1\venue.h(20): error C2059: syntax error: '('
     1>z:\cs172\exam1\exam1\venue.h(20): error C2238: unexpected token(s) preceding ';'
         Generating Code...
         Compiling...
         Venue.cpp
     1>z:\cs172\exam1\exam1\venue.h(14): warning C4200: nonstandard extension used: zero-sized array in struct/union
         z:\cs172\exam1\exam1\venue.h(14): note: Cannot generate copy-ctor or copy-assignment operator when UDT contains a zero-sized array
         Generating Code...
     1>Done Building Project "Z:\CS172\Exam1\Exam1\Exam1.vcxproj" (Build target(s)) -- FAILED.

Build FAILED.

Time Elapsed 00:00:01.79
